# JRE version: OpenJDK Runtime Environment (Zulu 8.86.0.25-CA-linux64) (8.0_452-b09) (build 1.8.0_452-b09)
# Java VM: OpenJDK 64-Bit Server VM (25.452-b09 mixed mode linux-amd64 compressed oops)
Heap:
 PSYoungGen      total 787968K, used 130446K [0x0000000781800000, 0x00000007c0000000, 0x00000007c0000000)
  eden space 542720K, 13% used [0x0000000781800000,0x0000000785ecb548,0x00000007a2a00000)
  from space 245248K, 23% used [0x00000007b1080000,0x00000007b49184f0,0x00000007c0000000)
  to   space 236032K, 0% used [0x00000007a2a00000,0x00000007a2a00000,0x00000007b1080000)
 ParOldGen       total 2048000K, used 826582K [0x0000000704800000, 0x0000000781800000, 0x0000000781800000)
  object space 2048000K, 40% used [0x0000000704800000,0x0000000736f35910,0x0000000781800000)
 Metaspace       used 564125K, capacity 571562K, committed 574464K, reserved 1587200K
  class space    used 35109K, capacity 36939K, committed 37632K, reserved 1048576K
GC Heap History (10 events):
Event: 6577.459 GC heap before
{Heap before GC invocations=91 (full 6):
 PSYoungGen      total 764416K, used 764412K [0x0000000781800000, 0x00000007c0000000, 0x00000007c0000000)
  eden space 624640K, 100% used [0x0000000781800000,0x00000007a7a00000,0x00000007a7a00000)
  from space 139776K, 99% used [0x00000007b7780000,0x00000007bffff1f0,0x00000007c0000000)
  to   space 199680K, 0% used [0x00000007a7a00000,0x00000007a7a00000,0x00000007b3d00000)
 ParOldGen       total 2048000K, used 755815K [0x0000000704800000, 0x0000000781800000, 0x0000000781800000)
  object space 2048000K, 36% used [0x0000000704800000,0x0000000732a19c10,0x0000000781800000)
 Metaspace       used 407643K, capacity 415158K, committed 417920K, reserved 1437696K
  class space    used 27023K, capacity 28936K, committed 29568K, reserved 1048576K
Event: 6577.487 GC heap after
Heap after GC invocations=91 (full 6):
 PSYoungGen      total 802304K, used 177171K [0x0000000781800000, 0x00000007c0000000, 0x00000007c0000000)
  eden space 624640K, 0% used [0x0000000781800000,0x0000000781800000,0x00000007a7a00000)
  from space 177664K, 99% used [0x00000007a7a00000,0x00000007b2704ea8,0x00000007b2780000)
  to   space 221696K, 0% used [0x00000007b2780000,0x00000007b2780000,0x00000007c0000000)
 ParOldGen       total 2048000K, used 755815K [0x0000000704800000, 0x0000000781800000, 0x0000000781800000)
  object space 2048000K, 36% used [0x0000000704800000,0x0000000732a19c10,0x0000000781800000)
 Metaspace       used 407643K, capacity 415158K, committed 417920K, reserved 1437696K
  class space    used 27023K, capacity 28936K, committed 29568K, reserved 1048576K
}
Event: 6579.491 GC heap before
{Heap before GC invocations=92 (full 6):
 PSYoungGen      total 802304K, used 407295K [0x0000000781800000, 0x00000007c0000000, 0x00000007c0000000)
  eden space 624640K, 36% used [0x0000000781800000,0x000000078f8bb030,0x00000007a7a00000)
  from space 177664K, 99% used [0x00000007a7a00000,0x00000007b2704ea8,0x00000007b2780000)
  to   space 221696K, 0% used [0x00000007b2780000,0x00000007b2780000,0x00000007c0000000)
 ParOldGen       total 2048000K, used 755815K [0x0000000704800000, 0x0000000781800000, 0x0000000781800000)
  object space 2048000K, 36% used [0x0000000704800000,0x0000000732a19c10,0x0000000781800000)
 Metaspace       used 445892K, capacity 453440K, committed 456180K, reserved 1474560K
  class space    used 29012K, capacity 30966K, committed 31616K, reserved 1048576K
Event: 6579.532 GC heap after
Heap after GC invocations=92 (full 6):
 PSYoungGen      total 754176K, used 187390K [0x0000000781800000, 0x00000007c0000000, 0x00000007c0000000)
  eden space 532480K, 0% used [0x0000000781800000,0x0000000781800000,0x00000007a2000000)
  from space 221696K, 84% used [0x00000007b2780000,0x00000007bde7f910,0x00000007c0000000)
  to   space 245760K, 0% used [0x00000007a2000000,0x00000007a2000000,0x00000007b1000000)
 ParOldGen       total 2048000K, used 755823K [0x0000000704800000, 0x0000000781800000, 0x0000000781800000)
  object space 2048000K, 36% used [0x0000000704800000,0x0000000732a1bc10,0x0000000781800000)
 Metaspace       used 445892K, capacity 453440K, committed 456180K, reserved 1474560K
  class space    used 29012K, capacity 30966K, committed 31616K, reserved 1048576K
}
Event: 6579.532 GC heap before
{Heap before GC invocations=93 (full 7):
 PSYoungGen      total 754176K, used 187390K [0x0000000781800000, 0x00000007c0000000, 0x00000007c0000000)
  eden space 532480K, 0% used [0x0000000781800000,0x0000000781800000,0x00000007a2000000)
  from space 221696K, 84% used [0x00000007b2780000,0x00000007bde7f910,0x00000007c0000000)
  to   space 245760K, 0% used [0x00000007a2000000,0x00000007a2000000,0x00000007b1000000)
 ParOldGen       total 2048000K, used 755823K [0x0000000704800000, 0x0000000781800000, 0x0000000781800000)
  object space 2048000K, 36% used [0x0000000704800000,0x0000000732a1bc10,0x0000000781800000)
 Metaspace       used 445892K, capacity 453440K, committed 456180K, reserved 1474560K
  class space    used 29012K, capacity 30966K, committed 31616K, reserved 1048576K
Event: 6580.426 GC heap after
Heap after GC invocations=93 (full 7):
 PSYoungGen      total 754176K, used 0K [0x0000000781800000, 0x00000007c0000000, 0x00000007c0000000)
  eden space 532480K, 0% used [0x0000000781800000,0x0000000781800000,0x00000007a2000000)
  from space 221696K, 0% used [0x00000007b2780000,0x00000007b2780000,0x00000007c0000000)
  to   space 245760K, 0% used [0x00000007a2000000,0x00000007a2000000,0x00000007b1000000)
 ParOldGen       total 2048000K, used 826574K [0x0000000704800000, 0x0000000781800000, 0x0000000781800000)
  object space 2048000K, 40% used [0x0000000704800000,0x0000000736f33910,0x0000000781800000)
 Metaspace       used 348099K, capacity 355068K, committed 415220K, reserved 1433600K
  class space    used 24158K, capacity 25861K, committed 31616K, reserved 1048576K
}
Event: 7101.990 GC heap before
{Heap before GC invocations=94 (full 7):
 PSYoungGen      total 754176K, used 532480K [0x0000000781800000, 0x00000007c0000000, 0x00000007c0000000)
  eden space 532480K, 100% used [0x0000000781800000,0x00000007a2000000,0x00000007a2000000)
  from space 221696K, 0% used [0x00000007b2780000,0x00000007b2780000,0x00000007c0000000)
  to   space 245760K, 0% used [0x00000007a2000000,0x00000007a2000000,0x00000007b1000000)
 ParOldGen       total 2048000K, used 826574K [0x0000000704800000, 0x0000000781800000, 0x0000000781800000)
  object space 2048000K, 40% used [0x0000000704800000,0x0000000736f33910,0x0000000781800000)
 Metaspace       used 395916K, capacity 402956K, committed 415220K, reserved 1433600K
  class space    used 26563K, capacity 28248K, committed 31616K, reserved 1048576K
Event: 7102.003 GC heap after
Heap after GC invocations=94 (full 7):
 PSYoungGen      total 778240K, used 19060K [0x0000000781800000, 0x00000007c0000000, 0x00000007c0000000)
  eden space 532480K, 0% used [0x0000000781800000,0x0000000781800000,0x00000007a2000000)
  from space 245760K, 7% used [0x00000007a2000000,0x00000007a329d010,0x00000007b1000000)
  to   space 245248K, 0% used [0x00000007b1080000,0x00000007b1080000,0x00000007c0000000)
 ParOldGen       total 2048000K, used 826574K [0x0000000704800000, 0x0000000781800000, 0x0000000781800000)
  object space 2048000K, 40% used [0x0000000704800000,0x0000000736f33910,0x0000000781800000)
 Metaspace       used 395916K, capacity 402956K, committed 415220K, reserved 1433600K
  class space    used 26563K, capacity 28248K, committed 31616K, reserved 1048576K
}
Event: 7396.497 GC heap before
{Heap before GC invocations=95 (full 7):
 PSYoungGen      total 778240K, used 551540K [0x0000000781800000, 0x00000007c0000000, 0x00000007c0000000)
  eden space 532480K, 100% used [0x0000000781800000,0x00000007a2000000,0x00000007a2000000)
  from space 245760K, 7% used [0x00000007a2000000,0x00000007a329d010,0x00000007b1000000)
  to   space 245248K, 0% used [0x00000007b1080000,0x00000007b1080000,0x00000007c0000000)
 ParOldGen       total 2048000K, used 826574K [0x0000000704800000, 0x0000000781800000, 0x0000000781800000)
  object space 2048000K, 40% used [0x0000000704800000,0x0000000736f33910,0x0000000781800000)
 Metaspace       used 563947K, capacity 571196K, committed 574208K, reserved 1585152K
  class space    used 35054K, capacity 36808K, committed 37632K, reserved 1048576K
Event: 7396.511 GC heap after
Heap after GC invocations=95 (full 7):
 PSYoungGen      total 787968K, used 57953K [0x0000000781800000, 0x00000007c0000000, 0x00000007c0000000)
  eden space 542720K, 0% used [0x0000000781800000,0x0000000781800000,0x00000007a2a00000)
  from space 245248K, 23% used [0x00000007b1080000,0x00000007b49184f0,0x00000007c0000000)
  to   space 236032K, 0% used [0x00000007a2a00000,0x00000007a2a00000,0x00000007b1080000)
 ParOldGen       total 2048000K, used 826582K [0x0000000704800000, 0x0000000781800000, 0x0000000781800000)
  object space 2048000K, 40% used [0x0000000704800000,0x0000000736f35910,0x0000000781800000)
 Metaspace       used 563947K, capacity 571196K, committed 574208K, reserved 1585152K
  class space    used 35054K, capacity 36808K, committed 37632K, reserved 1048576K
}

